<?xml version="1.0" encoding="UTF-8"?>
<!-- Generated by org.testng.reporters.JUnitXMLReporter -->
<testsuite ignored="0" hostname="mindc1d353" failures="0" tests="10" name="Test" time="144.357" errors="0" timestamp="2022-05-21T17:00:27 IST">
  <testcase classname="Runner.TestExecution" name="loginApp" time="10.234"/>
  <testcase classname="Runner.TestExecution" name="sofaCart" time="9.916"/>
  <testcase classname="Runner.TestExecution" name="searchApp" time="14.343"/>
  <testcase classname="Runner.TestExecution" name="User" time="24.357"/>
  <testcase classname="Runner.TestExecution" name="giftCard" time="14.698"/>
  <testcase classname="Runner.TestExecution" name="study" time="11.285"/>
  <testcase classname="Runner.TestExecution" name="store" time="7.399"/>
  <testcase classname="Runner.TestExecution" name="headerElement" time="37.998"/>
  <testcase classname="Runner.TestExecution" name="more_info" time="0.88"/>
  <testcase classname="Runner.TestExecution" name="pri_policy" time="6.176"/>
</testsuite> <!-- Test -->
