<?xml version="1.0" encoding="UTF-8"?>
<!-- Generated by org.testng.reporters.JUnitXMLReporter -->
<testsuite ignored="0" hostname="mindc1d353" failures="0" tests="10" name="Default test" time="166.63" errors="0" timestamp="2022-05-19T23:58:15 IST">
  <testcase classname="Runner.TestExecution" name="loginApp" time="11.534"/>
  <testcase classname="Runner.TestExecution" name="sofaCart" time="23.057"/>
  <testcase classname="Runner.TestExecution" name="searchApp" time="14.045"/>
  <testcase classname="Runner.TestExecution" name="User" time="28.77"/>
  <testcase classname="Runner.TestExecution" name="giftCard" time="10.606"/>
  <testcase classname="Runner.TestExecution" name="study" time="14.435"/>
  <testcase classname="Runner.TestExecution" name="store" time="8.719"/>
  <testcase classname="Runner.TestExecution" name="headerElement" time="38.992"/>
  <testcase classname="Runner.TestExecution" name="more_info" time="0.905"/>
  <testcase classname="Runner.TestExecution" name="pri_policy" time="5.895"/>
</testsuite> <!-- Default test -->
