<?xml version="1.0" encoding="UTF-8"?>
<testng-results ignored="0" total="10" passed="10" failed="0" skipped="0">
  <reporter-output>
    <line>
      <![CDATA[Creating reports]]>
    </line>
    <line>
      <![CDATA[setting Done]]>
    </line>
  </reporter-output>
  <suite started-at="2022-05-21T16:58:02 IST" name="Suite" finished-at="2022-05-21T17:00:27 IST" duration-ms="144357">
    <groups>
    </groups>
    <test started-at="2022-05-21T16:58:02 IST" name="Test" finished-at="2022-05-21T17:00:27 IST" duration-ms="144357">
      <class name="Runner.TestExecution">
        <test-method is-config="true" signature="setupsuite()[pri:0, instance:Runner.TestExecution@6221a451]" started-at="2022-05-21T16:58:02 IST" name="setupsuite" finished-at="2022-05-21T16:58:02 IST" duration-ms="473" status="PASS">
          <reporter-output>
            <line>
              <![CDATA[Creating reports]]>
            </line>
            <line>
              <![CDATA[setting Done]]>
            </line>
          </reporter-output>
        </test-method> <!-- setupsuite -->
        <test-method is-config="true" signature="voidsetup()[pri:0, instance:Runner.TestExecution@6221a451]" started-at="2022-05-21T16:58:02 IST" name="voidsetup" finished-at="2022-05-21T16:58:08 IST" duration-ms="5259" status="PASS">
          <reporter-output>
          </reporter-output>
        </test-method> <!-- voidsetup -->
        <test-method signature="loginApp()[pri:1, instance:Runner.TestExecution@6221a451]" started-at="2022-05-21T16:58:08 IST" name="loginApp" finished-at="2022-05-21T16:58:18 IST" duration-ms="10234" status="PASS">
          <reporter-output>
          </reporter-output>
        </test-method> <!-- loginApp -->
        <test-method is-config="true" signature="terdown(org.testng.ITestResult)[pri:0, instance:Runner.TestExecution@6221a451]" started-at="2022-05-21T16:58:18 IST" name="terdown" finished-at="2022-05-21T16:58:19 IST" duration-ms="818" status="PASS">
          <params>
            <param index="0">
              <value>
                <![CDATA[[TestResult name=loginApp status=SUCCESS method=TestExecution.loginApp()[pri:1, instance:Runner.TestExecution@6221a451] output={null}]]]>
              </value>
            </param>
          </params>
          <reporter-output>
          </reporter-output>
        </test-method> <!-- terdown -->
        <test-method signature="sofaCart()[pri:2, instance:Runner.TestExecution@6221a451]" started-at="2022-05-21T16:58:19 IST" name="sofaCart" finished-at="2022-05-21T16:58:29 IST" duration-ms="9916" status="PASS">
          <reporter-output>
          </reporter-output>
        </test-method> <!-- sofaCart -->
        <test-method is-config="true" signature="terdown(org.testng.ITestResult)[pri:0, instance:Runner.TestExecution@6221a451]" started-at="2022-05-21T16:58:29 IST" name="terdown" finished-at="2022-05-21T16:58:29 IST" duration-ms="49" status="PASS">
          <params>
            <param index="0">
              <value>
                <![CDATA[[TestResult name=sofaCart status=SUCCESS method=TestExecution.sofaCart()[pri:2, instance:Runner.TestExecution@6221a451] output={null}]]]>
              </value>
            </param>
          </params>
          <reporter-output>
          </reporter-output>
        </test-method> <!-- terdown -->
        <test-method signature="searchApp()[pri:3, instance:Runner.TestExecution@6221a451]" started-at="2022-05-21T16:58:29 IST" name="searchApp" finished-at="2022-05-21T16:58:43 IST" duration-ms="14343" status="PASS">
          <reporter-output>
          </reporter-output>
        </test-method> <!-- searchApp -->
        <test-method is-config="true" signature="terdown(org.testng.ITestResult)[pri:0, instance:Runner.TestExecution@6221a451]" started-at="2022-05-21T16:58:43 IST" name="terdown" finished-at="2022-05-21T16:58:43 IST" duration-ms="49" status="PASS">
          <params>
            <param index="0">
              <value>
                <![CDATA[[TestResult name=searchApp status=SUCCESS method=TestExecution.searchApp()[pri:3, instance:Runner.TestExecution@6221a451] output={null}]]]>
              </value>
            </param>
          </params>
          <reporter-output>
          </reporter-output>
        </test-method> <!-- terdown -->
        <test-method signature="User()[pri:4, instance:Runner.TestExecution@6221a451]" started-at="2022-05-21T16:58:43 IST" name="User" finished-at="2022-05-21T16:59:07 IST" duration-ms="24357" status="PASS">
          <reporter-output>
          </reporter-output>
        </test-method> <!-- User -->
        <test-method is-config="true" signature="terdown(org.testng.ITestResult)[pri:0, instance:Runner.TestExecution@6221a451]" started-at="2022-05-21T16:59:08 IST" name="terdown" finished-at="2022-05-21T16:59:08 IST" duration-ms="46" status="PASS">
          <params>
            <param index="0">
              <value>
                <![CDATA[[TestResult name=User status=SUCCESS method=TestExecution.User()[pri:4, instance:Runner.TestExecution@6221a451] output={null}]]]>
              </value>
            </param>
          </params>
          <reporter-output>
          </reporter-output>
        </test-method> <!-- terdown -->
        <test-method signature="giftCard()[pri:5, instance:Runner.TestExecution@6221a451]" started-at="2022-05-21T16:59:08 IST" name="giftCard" finished-at="2022-05-21T16:59:22 IST" duration-ms="14698" status="PASS">
          <reporter-output>
          </reporter-output>
        </test-method> <!-- giftCard -->
        <test-method is-config="true" signature="terdown(org.testng.ITestResult)[pri:0, instance:Runner.TestExecution@6221a451]" started-at="2022-05-21T16:59:22 IST" name="terdown" finished-at="2022-05-21T16:59:22 IST" duration-ms="54" status="PASS">
          <params>
            <param index="0">
              <value>
                <![CDATA[[TestResult name=giftCard status=SUCCESS method=TestExecution.giftCard()[pri:5, instance:Runner.TestExecution@6221a451] output={null}]]]>
              </value>
            </param>
          </params>
          <reporter-output>
          </reporter-output>
        </test-method> <!-- terdown -->
        <test-method signature="study()[pri:6, instance:Runner.TestExecution@6221a451]" started-at="2022-05-21T16:59:22 IST" name="study" finished-at="2022-05-21T16:59:34 IST" duration-ms="11285" status="PASS">
          <reporter-output>
          </reporter-output>
        </test-method> <!-- study -->
        <test-method is-config="true" signature="terdown(org.testng.ITestResult)[pri:0, instance:Runner.TestExecution@6221a451]" started-at="2022-05-21T16:59:34 IST" name="terdown" finished-at="2022-05-21T16:59:34 IST" duration-ms="55" status="PASS">
          <params>
            <param index="0">
              <value>
                <![CDATA[[TestResult name=study status=SUCCESS method=TestExecution.study()[pri:6, instance:Runner.TestExecution@6221a451] output={null}]]]>
              </value>
            </param>
          </params>
          <reporter-output>
          </reporter-output>
        </test-method> <!-- terdown -->
        <test-method signature="store()[pri:7, instance:Runner.TestExecution@6221a451]" started-at="2022-05-21T16:59:34 IST" name="store" finished-at="2022-05-21T16:59:41 IST" duration-ms="7399" status="PASS">
          <reporter-output>
          </reporter-output>
        </test-method> <!-- store -->
        <test-method is-config="true" signature="terdown(org.testng.ITestResult)[pri:0, instance:Runner.TestExecution@6221a451]" started-at="2022-05-21T16:59:41 IST" name="terdown" finished-at="2022-05-21T16:59:41 IST" duration-ms="27" status="PASS">
          <params>
            <param index="0">
              <value>
                <![CDATA[[TestResult name=store status=SUCCESS method=TestExecution.store()[pri:7, instance:Runner.TestExecution@6221a451] output={null}]]]>
              </value>
            </param>
          </params>
          <reporter-output>
          </reporter-output>
        </test-method> <!-- terdown -->
        <test-method signature="headerElement()[pri:8, instance:Runner.TestExecution@6221a451]" started-at="2022-05-21T16:59:41 IST" name="headerElement" finished-at="2022-05-21T17:00:19 IST" duration-ms="37998" status="PASS">
          <reporter-output>
          </reporter-output>
        </test-method> <!-- headerElement -->
        <test-method is-config="true" signature="terdown(org.testng.ITestResult)[pri:0, instance:Runner.TestExecution@6221a451]" started-at="2022-05-21T17:00:19 IST" name="terdown" finished-at="2022-05-21T17:00:19 IST" duration-ms="33" status="PASS">
          <params>
            <param index="0">
              <value>
                <![CDATA[[TestResult name=headerElement status=SUCCESS method=TestExecution.headerElement()[pri:8, instance:Runner.TestExecution@6221a451] output={null}]]]>
              </value>
            </param>
          </params>
          <reporter-output>
          </reporter-output>
        </test-method> <!-- terdown -->
        <test-method signature="more_info()[pri:9, instance:Runner.TestExecution@6221a451]" started-at="2022-05-21T17:00:19 IST" name="more_info" finished-at="2022-05-21T17:00:20 IST" duration-ms="880" status="PASS">
          <reporter-output>
          </reporter-output>
        </test-method> <!-- more_info -->
        <test-method is-config="true" signature="terdown(org.testng.ITestResult)[pri:0, instance:Runner.TestExecution@6221a451]" started-at="2022-05-21T17:00:20 IST" name="terdown" finished-at="2022-05-21T17:00:20 IST" duration-ms="7" status="PASS">
          <params>
            <param index="0">
              <value>
                <![CDATA[[TestResult name=more_info status=SUCCESS method=TestExecution.more_info()[pri:9, instance:Runner.TestExecution@6221a451] output={null}]]]>
              </value>
            </param>
          </params>
          <reporter-output>
          </reporter-output>
        </test-method> <!-- terdown -->
        <test-method signature="pri_policy()[pri:10, instance:Runner.TestExecution@6221a451]" started-at="2022-05-21T17:00:20 IST" name="pri_policy" finished-at="2022-05-21T17:00:26 IST" duration-ms="6176" status="PASS">
          <reporter-output>
          </reporter-output>
        </test-method> <!-- pri_policy -->
        <test-method is-config="true" signature="terdown(org.testng.ITestResult)[pri:0, instance:Runner.TestExecution@6221a451]" started-at="2022-05-21T17:00:26 IST" name="terdown" finished-at="2022-05-21T17:00:26 IST" duration-ms="34" status="PASS">
          <params>
            <param index="0">
              <value>
                <![CDATA[[TestResult name=pri_policy status=SUCCESS method=TestExecution.pri_policy()[pri:10, instance:Runner.TestExecution@6221a451] output={null}]]]>
              </value>
            </param>
          </params>
          <reporter-output>
          </reporter-output>
        </test-method> <!-- terdown -->
        <test-method is-config="true" signature="teardown()[pri:0, instance:Runner.TestExecution@6221a451]" started-at="2022-05-21T17:00:26 IST" name="teardown" finished-at="2022-05-21T17:00:27 IST" duration-ms="521" status="PASS">
          <reporter-output>
          </reporter-output>
        </test-method> <!-- teardown -->
      </class> <!-- Runner.TestExecution -->
    </test> <!-- Test -->
  </suite> <!-- Suite -->
</testng-results>
